2024-03-13 23:59:50,661 [INFO] D:\workspace\find_the_same_shoes\log_decorator.py - wrapper - Function "example_func1" executed successfully.
2024-03-13 23:59:50,662 [INFO] D:\workspace\find_the_same_shoes\log_decorator.py - log_parameters - Function "example_func1" parameters: {'a': 1, 'b': 2}
2024-03-13 23:59:50,663 [INFO] D:\workspace\find_the_same_shoes\log_decorator.py - log_return - Function "example_func1" returned: 3
2024-03-14 00:00:49,030 [ERROR] D:\workspace\find_the_same_shoes\log_decorator.py - wrapper - D:\workspace\find_the_same_shoes\test.py - example_func1 - 40 - ZeroDivisionError: division by zero
Traceback (most recent call last):
  File "D:\workspace\find_the_same_shoes\find_the_same_shoes\log\log_decorator.py", line 40, in wrapper
    result = func(*args, **kwargs)
  File "D:\workspace\find_the_same_shoes\test.py", line 8, in example_func1
    return a/b
ZeroDivisionError: division by zero

2024-03-14 00:03:21,329 [ERROR] - ZeroDivisionError: division by zero
Traceback (most recent call last):
  File "D:\workspace\find_the_same_shoes\find_the_same_shoes\log\log_decorator.py", line 31, in wrapper
    result = func(*args, **kwargs)
  File "D:\workspace\find_the_same_shoes\test.py", line 8, in example_func1
    return a/b
ZeroDivisionError: division by zero

2024-03-14 00:05:14,917 [ERROR] wrapper - example_func1 - 39 - ZeroDivisionError: division by zero
Traceback (most recent call last):
  File "D:\workspace\find_the_same_shoes\find_the_same_shoes\log\log_decorator.py", line 39, in wrapper
    result = func(*args, **kwargs)
  File "D:\workspace\find_the_same_shoes\test.py", line 8, in example_func1
    return a/b
ZeroDivisionError: division by zero

2024-03-14 00:05:29,900 [INFO] wrapper - Function "example_func1" executed successfully.
2024-03-14 00:05:29,901 [INFO] log_parameters - Function "example_func1" parameters: {'a': 1, 'b': 6}
2024-03-14 00:05:29,901 [INFO] log_return - Function "example_func1" returned: 0.16666666666666666
2024-03-14 00:06:42,306 [INFO] wrapper - 方法 "example_func1" 执行成功
2024-03-14 00:06:42,307 [INFO] log_parameters - Function "example_func1" 入参: {'a': 1, 'b': 6}
2024-03-14 00:06:42,308 [INFO] log_return - Function "example_func1" 出参: 0.16666666666666666
